2018-08-03 20:54:12 INFO  Version:66 - HCANN000001: Hibernate Commons Annotations {4.0.5.Final}
2018-08-03 20:54:12 INFO  Version:54 - HHH000412: Hibernate Core {4.3.11.Final}
2018-08-03 20:54:12 INFO  Environment:239 - HHH000206: hibernate.properties not found
2018-08-03 20:54:12 INFO  Environment:346 - HHH000021: Bytecode provider name : javassist
2018-08-03 20:54:12 INFO  Configuration:2075 - HHH000043: Configuring from resource: /hibernate.cfg.xml
2018-08-03 20:54:12 INFO  Configuration:2094 - HHH000040: Configuration resource: /hibernate.cfg.xml
2018-08-03 20:54:12 INFO  Configuration:2216 - HHH000041: Configured SessionFactory: null
2018-08-03 20:54:12 WARN  DriverManagerConnectionProviderImpl:93 - HHH000402: Using Hibernate built-in connection pool (not for production use!)
2018-08-03 20:54:12 INFO  DriverManagerConnectionProviderImpl:166 - HHH000401: using driver [oracle.jdbc.OracleDriver] at URL [jdbc:oracle:thin:@patience.cvdumlvcautw.us-east-1.rds.amazonaws.com:1521:orcl]
2018-08-03 20:54:12 INFO  DriverManagerConnectionProviderImpl:175 - HHH000046: Connection properties: {user=Patience, password=****}
2018-08-03 20:54:12 INFO  DriverManagerConnectionProviderImpl:180 - HHH000006: Autocommit mode: false
2018-08-03 20:54:12 INFO  DriverManagerConnectionProviderImpl:102 - HHH000115: Hibernate connection pool size: 5 (min=1)
2018-08-03 20:54:14 INFO  Dialect:145 - HHH000400: Using dialect: org.hibernate.dialect.Oracle10gDialect
2018-08-03 20:54:14 INFO  TransactionFactoryInitiator:62 - HHH000399: Using default transaction strategy (direct JDBC transactions)
2018-08-03 20:54:14 INFO  ASTQueryTranslatorFactory:47 - HHH000397: Using ASTQueryTranslatorFactory
2018-08-03 20:54:14 WARN  SettingsFactory:367 - Unrecognized value for "hibernate.hbm2ddl.auto": none
2018-08-03 20:54:14 INFO  UpdateTimestampsCache:72 - HHH000250: Starting update timestamps cache at region: org.hibernate.cache.spi.UpdateTimestampsCache
2018-08-03 20:54:14 WARN  AbstractEhcacheRegionFactory:178 - HHH020003: Could not find a specific ehcache configuration for cache named [org.hibernate.cache.spi.UpdateTimestampsCache]; using defaults.
2018-08-03 20:54:14 INFO  StandardQueryCache:90 - HHH000248: Starting query cache at region: org.hibernate.cache.internal.StandardQueryCache
2018-08-03 20:54:14 WARN  AbstractEhcacheRegionFactory:178 - HHH020003: Could not find a specific ehcache configuration for cache named [org.hibernate.cache.internal.StandardQueryCache]; using defaults.
2018-08-03 20:55:40 INFO  Version:66 - HCANN000001: Hibernate Commons Annotations {4.0.5.Final}
2018-08-03 20:55:40 INFO  Version:54 - HHH000412: Hibernate Core {4.3.11.Final}
2018-08-03 20:55:40 INFO  Environment:239 - HHH000206: hibernate.properties not found
2018-08-03 20:55:40 INFO  Environment:346 - HHH000021: Bytecode provider name : javassist
2018-08-03 20:55:40 INFO  Configuration:2075 - HHH000043: Configuring from resource: /hibernate.cfg.xml
2018-08-03 20:55:40 INFO  Configuration:2094 - HHH000040: Configuration resource: /hibernate.cfg.xml
2018-08-03 20:55:40 INFO  Configuration:2216 - HHH000041: Configured SessionFactory: null
2018-08-03 20:55:40 WARN  DriverManagerConnectionProviderImpl:93 - HHH000402: Using Hibernate built-in connection pool (not for production use!)
2018-08-03 20:55:40 INFO  DriverManagerConnectionProviderImpl:166 - HHH000401: using driver [oracle.jdbc.OracleDriver] at URL [jdbc:oracle:thin:@patience.cvdumlvcautw.us-east-1.rds.amazonaws.com:1521:orcl]
2018-08-03 20:55:40 INFO  DriverManagerConnectionProviderImpl:175 - HHH000046: Connection properties: {user=Patience, password=****}
2018-08-03 20:55:40 INFO  DriverManagerConnectionProviderImpl:180 - HHH000006: Autocommit mode: false
2018-08-03 20:55:40 INFO  DriverManagerConnectionProviderImpl:102 - HHH000115: Hibernate connection pool size: 5 (min=1)
2018-08-03 20:55:41 INFO  Dialect:145 - HHH000400: Using dialect: org.hibernate.dialect.Oracle10gDialect
2018-08-03 20:55:42 INFO  TransactionFactoryInitiator:62 - HHH000399: Using default transaction strategy (direct JDBC transactions)
2018-08-03 20:55:42 INFO  ASTQueryTranslatorFactory:47 - HHH000397: Using ASTQueryTranslatorFactory
2018-08-03 20:55:42 INFO  UpdateTimestampsCache:72 - HHH000250: Starting update timestamps cache at region: org.hibernate.cache.spi.UpdateTimestampsCache
2018-08-03 20:55:42 WARN  AbstractEhcacheRegionFactory:178 - HHH020003: Could not find a specific ehcache configuration for cache named [org.hibernate.cache.spi.UpdateTimestampsCache]; using defaults.
2018-08-03 20:55:42 INFO  StandardQueryCache:90 - HHH000248: Starting query cache at region: org.hibernate.cache.internal.StandardQueryCache
2018-08-03 20:55:42 WARN  AbstractEhcacheRegionFactory:178 - HHH020003: Could not find a specific ehcache configuration for cache named [org.hibernate.cache.internal.StandardQueryCache]; using defaults.
2018-08-03 20:55:42 INFO  SchemaExport:344 - HHH000227: Running hbm2ddl schema export
2018-08-03 20:55:53 INFO  SchemaExport:406 - HHH000230: Schema export complete
2018-08-03 20:56:32 WARN  SqlExceptionHelper:144 - SQL Error: 1, SQLState: 23000
2018-08-03 20:56:32 ERROR SqlExceptionHelper:146 - ORA-00001: unique constraint (PATIENCE.UK_AK3JIQCQB0J02320QVSLGRIU8) violated

2018-08-03 20:56:32 INFO  AbstractBatchImpl:208 - HHH000010: On release of batch it still contained JDBC statements
2018-08-03 20:56:32 WARN  SqlExceptionHelper:144 - SQL Error: 1, SQLState: 23000
2018-08-03 20:56:32 ERROR SqlExceptionHelper:146 - ORA-00001: unique constraint (PATIENCE.UK_AK3JIQCQB0J02320QVSLGRIU8) violated

2018-08-03 20:56:32 INFO  AbstractBatchImpl:208 - HHH000010: On release of batch it still contained JDBC statements
2018-08-03 20:56:32 WARN  SqlExceptionHelper:144 - SQL Error: 1, SQLState: 23000
2018-08-03 20:56:32 ERROR SqlExceptionHelper:146 - ORA-00001: unique constraint (PATIENCE.UK_AK3JIQCQB0J02320QVSLGRIU8) violated

2018-08-03 20:56:32 INFO  AbstractBatchImpl:208 - HHH000010: On release of batch it still contained JDBC statements
2018-08-03 20:56:39 WARN  SqlExceptionHelper:144 - SQL Error: 2291, SQLState: 23000
2018-08-03 20:56:39 ERROR SqlExceptionHelper:146 - ORA-02291: integrity constraint (PATIENCE.FK_10P7LFET2P0AMVMY9JKMME3F7) violated - parent key not found

2018-08-03 20:56:39 INFO  AbstractBatchImpl:208 - HHH000010: On release of batch it still contained JDBC statements
2018-08-03 20:56:39 WARN  SqlExceptionHelper:144 - SQL Error: 2291, SQLState: 23000
2018-08-03 20:56:39 ERROR SqlExceptionHelper:146 - ORA-02291: integrity constraint (PATIENCE.FK_10P7LFET2P0AMVMY9JKMME3F7) violated - parent key not found

2018-08-03 20:56:39 INFO  AbstractBatchImpl:208 - HHH000010: On release of batch it still contained JDBC statements
2018-08-03 20:56:39 WARN  SqlExceptionHelper:144 - SQL Error: 2291, SQLState: 23000
2018-08-03 20:56:39 ERROR SqlExceptionHelper:146 - ORA-02291: integrity constraint (PATIENCE.FK_10P7LFET2P0AMVMY9JKMME3F7) violated - parent key not found

2018-08-03 20:56:39 INFO  AbstractBatchImpl:208 - HHH000010: On release of batch it still contained JDBC statements
2018-08-03 20:56:40 INFO  AbstractBatchImpl:208 - HHH000010: On release of batch it still contained JDBC statements
2018-08-03 20:56:40 WARN  SqlExceptionHelper:144 - SQL Error: 2291, SQLState: 23000
2018-08-03 20:56:40 ERROR SqlExceptionHelper:146 - ORA-02291: integrity constraint (PATIENCE.FK_RIVHJUCT4JQTH9M6O8VAJGEI5) violated - parent key not found

2018-08-03 20:56:40 INFO  AbstractBatchImpl:208 - HHH000010: On release of batch it still contained JDBC statements
2018-08-03 20:56:41 INFO  AbstractBatchImpl:208 - HHH000010: On release of batch it still contained JDBC statements
2018-08-03 20:56:41 WARN  SqlExceptionHelper:144 - SQL Error: 2291, SQLState: 23000
2018-08-03 20:56:41 ERROR SqlExceptionHelper:146 - ORA-02291: integrity constraint (PATIENCE.FK_RIVHJUCT4JQTH9M6O8VAJGEI5) violated - parent key not found

2018-08-03 20:56:41 INFO  AbstractBatchImpl:208 - HHH000010: On release of batch it still contained JDBC statements
2018-08-03 20:56:43 WARN  SqlExceptionHelper:144 - SQL Error: 2291, SQLState: 23000
2018-08-03 20:56:43 ERROR SqlExceptionHelper:146 - ORA-02291: integrity constraint (PATIENCE.FK_RIVHJUCT4JQTH9M6O8VAJGEI5) violated - parent key not found

2018-08-03 20:56:43 INFO  AbstractBatchImpl:208 - HHH000010: On release of batch it still contained JDBC statements
2018-08-03 20:56:43 WARN  SqlExceptionHelper:144 - SQL Error: 2291, SQLState: 23000
2018-08-03 20:56:43 ERROR SqlExceptionHelper:146 - ORA-02291: integrity constraint (PATIENCE.FK_RIVHJUCT4JQTH9M6O8VAJGEI5) violated - parent key not found

2018-08-03 20:56:43 INFO  AbstractBatchImpl:208 - HHH000010: On release of batch it still contained JDBC statements
2018-08-03 20:56:45 INFO  AbstractBatchImpl:208 - HHH000010: On release of batch it still contained JDBC statements
2018-08-03 20:56:45 INFO  AbstractBatchImpl:208 - HHH000010: On release of batch it still contained JDBC statements
2018-08-03 20:56:45 INFO  AbstractBatchImpl:208 - HHH000010: On release of batch it still contained JDBC statements
